\BOOKMARK [0][-]{chapter.1}{Allgemeines}{}% 1
\BOOKMARK [1][-]{section.1.1}{Einf\374hrung}{chapter.1}% 2
\BOOKMARK [1][-]{section.1.2}{Zulassungsbasis}{chapter.1}% 3
\BOOKMARK [1][-]{section.1.3}{Warnungen, wichtige Hinweise und Anmerkungen}{chapter.1}% 4
\BOOKMARK [1][-]{section.1.4}{Beschreibung und technische Daten}{chapter.1}% 5
\BOOKMARK [1][-]{section.1.5}{Dreiseitenansicht}{chapter.1}% 6
\BOOKMARK [1][-]{section.1.6}{Abk\374rzungen}{chapter.1}% 7
\BOOKMARK [1][-]{section.1.7}{Einheitenumrechnung}{chapter.1}% 8
\BOOKMARK [0][-]{chapter.2}{Betriebsgrenzen}{}% 9
\BOOKMARK [1][-]{section.2.1}{Einf\374hrung}{chapter.2}% 10
\BOOKMARK [1][-]{section.2.2}{Fluggeschwindigkeiten}{chapter.2}% 11
\BOOKMARK [1][-]{section.2.3}{Anzeigefehler in der Fahrtmesseranlage}{chapter.2}% 12
\BOOKMARK [1][-]{section.2.4}{\334berziehgeschwindigkeiten}{chapter.2}% 13
\BOOKMARK [1][-]{section.2.5}{Fahrtmessermarkierungen}{chapter.2}% 14
\BOOKMARK [1][-]{section.2.6}{Triebwerk}{chapter.2}% 15
\BOOKMARK [2][-]{subsection.2.6.1}{Motor}{section.2.6}% 16
\BOOKMARK [2][-]{subsection.2.6.2}{Propeller}{section.2.6}% 17
\BOOKMARK [2][-]{subsection.2.6.3}{Akkupacks}{section.2.6}% 18
\BOOKMARK [1][-]{section.2.7}{Markierungen des Triebwerksinstruments}{chapter.2}% 19
\BOOKMARK [1][-]{section.2.8}{Masse \(Gewicht\)}{chapter.2}% 20
\BOOKMARK [1][-]{section.2.9}{Schwerpunkt}{chapter.2}% 21
\BOOKMARK [2][-]{subsection.2.9.1}{W\344gebericht}{section.2.9}% 22
\BOOKMARK [1][-]{section.2.10}{Zugelassene Man\366ver}{chapter.2}% 23
\BOOKMARK [1][-]{section.2.11}{Man\366verlastvielfache}{chapter.2}% 24
\BOOKMARK [1][-]{section.2.12}{Flugbesatzung}{chapter.2}% 25
\BOOKMARK [1][-]{section.2.13}{Betriebsarten}{chapter.2}% 26
\BOOKMARK [1][-]{section.2.14}{Mindestausr\374stung}{chapter.2}% 27
\BOOKMARK [1][-]{section.2.15}{Flugzeugschlepp und Windenschlepp}{chapter.2}% 28
\BOOKMARK [1][-]{section.2.16}{Hinweisschilder f\374r Betriebsgrenzen}{chapter.2}% 29
\BOOKMARK [0][-]{chapter.3}{Notverfahren}{}% 30
\BOOKMARK [1][-]{section.3.1}{Einf\374hrung}{chapter.3}% 31
\BOOKMARK [1][-]{section.3.2}{Abwerfen der Kabinenhaube}{chapter.3}% 32
\BOOKMARK [1][-]{section.3.3}{Notausstieg}{chapter.3}% 33
\BOOKMARK [1][-]{section.3.4}{Beenden des \374berzogenen Flugzustands}{chapter.3}% 34
\BOOKMARK [1][-]{section.3.5}{Beenden des Trudelns}{chapter.3}% 35
\BOOKMARK [1][-]{section.3.6}{Beenden des Spiralsturzes}{chapter.3}% 36
\BOOKMARK [1][-]{section.3.7}{Notlandungen}{chapter.3}% 37
\BOOKMARK [2][-]{subsection.3.7.1}{Notlandung mit eingezogenem Fahrwerk}{section.3.7}% 38
\BOOKMARK [2][-]{subsection.3.7.2}{Notlandung auf dem Wasser}{section.3.7}% 39
\BOOKMARK [2][-]{subsection.3.7.3}{Drehlandung \(\214Ringelpietz\215\)}{section.3.7}% 40
\BOOKMARK [1][-]{section.3.8}{Flug im Bereich von Gewittern}{chapter.3}% 41
\BOOKMARK [1][-]{section.3.9}{Flug bei Regen}{chapter.3}% 42
\BOOKMARK [1][-]{section.3.10}{Flug bei Vereisungsbedingungen}{chapter.3}% 43
\BOOKMARK [1][-]{section.3.11}{Triebwerksausfall}{chapter.3}% 44
\BOOKMARK [2][-]{subsection.3.11.1}{Motor startet nicht}{section.3.11}% 45
\BOOKMARK [2][-]{subsection.3.11.2}{Leistungsverlust w\344hrend des Fluges}{section.3.11}% 46
\BOOKMARK [1][-]{section.3.12}{Brand}{chapter.3}% 47
\BOOKMARK [2][-]{subsection.3.12.1}{Brand am Boden}{section.3.12}% 48
\BOOKMARK [2][-]{subsection.3.12.2}{Brand w\344hrend des Fluges}{section.3.12}% 49
\BOOKMARK [1][-]{section.3.13}{Sonstige Notf\344lle}{chapter.3}% 50
\BOOKMARK [2][-]{subsection.3.13.1}{Verlust der 12V Spannungsversorgung w\344hrend des Fluges}{section.3.13}% 51
\BOOKMARK [0][-]{chapter.4}{Normale Betriebsverfahren}{}% 52
\BOOKMARK [1][-]{section.4.1}{Einf\374hrung}{chapter.4}% 53
\BOOKMARK [1][-]{section.4.2}{Montageverfahren, Laden, Ein- und Ausbau der Akkupacks}{chapter.4}% 54
\BOOKMARK [2][-]{subsection.4.2.1}{Auf- und abr\374sten}{section.4.2}% 55
\BOOKMARK [2][-]{subsection.4.2.2}{Laden der Akkupads}{section.4.2}% 56
\BOOKMARK [2][-]{subsection.4.2.3}{Einbau der Akkupacks in das Segelflugzeug}{section.4.2}% 57
\BOOKMARK [1][-]{section.4.3}{T\344gliche Kontrolle}{chapter.4}% 58
\BOOKMARK [1][-]{section.4.4}{Vorflugkontrolle}{chapter.4}% 59
\BOOKMARK [2][-]{subsection.4.4.1}{Starten des Motors am Boden}{section.4.4}% 60
\BOOKMARK [1][-]{section.4.5}{Normalverfahren und empfohlene Geschwindigkeiten}{chapter.4}% 61
\BOOKMARK [2][-]{subsection.4.5.1}{Windenstart}{section.4.5}% 62
\BOOKMARK [2][-]{subsection.4.5.2}{Flugzeugschlepp}{section.4.5}% 63
\BOOKMARK [2][-]{subsection.4.5.3}{Rollverfahren}{section.4.5}% 64
\BOOKMARK [2][-]{subsection.4.5.4}{Eigenstart und Steigflug}{section.4.5}% 65
\BOOKMARK [2][-]{subsection.4.5.5}{Freier Flug}{section.4.5}% 66
\BOOKMARK [2][-]{subsection.4.5.6}{Reise- und Steigflug mit laufendem Motor}{section.4.5}% 67
\BOOKMARK [2][-]{subsection.4.5.7}{Propeller anhalten mit elektrischer Bremse}{section.4.5}% 68
\BOOKMARK [2][-]{subsection.4.5.8}{Landeanflug}{section.4.5}% 69
\BOOKMARK [0][-]{chapter.5}{Flugleistungen}{}% 70
\BOOKMARK [1][-]{section.5.1}{Einf\374hrung}{chapter.5}% 71
\BOOKMARK [2][-]{subsection.5.1.1}{Nachgewiesene Seitenwindkomponenten}{section.5.1}% 72
\BOOKMARK [1][-]{section.5.2}{Geschwindigkeitspolare}{chapter.5}% 73
\BOOKMARK [1][-]{section.5.3}{Gleitzahlpolare}{chapter.5}% 74
\BOOKMARK [1][-]{section.5.4}{Leistungsoptimale W\366lbklappenbedienung}{chapter.5}% 75
\BOOKMARK [1][-]{section.5.5}{Nicht LBA-anerkannte weitere Informationen}{chapter.5}% 76
\BOOKMARK [2][-]{subsection.5.5.1}{Flugleistung im motorgetriebenen Flug}{section.5.5}% 77
\BOOKMARK [0][-]{chapter.6}{Beschreibung d. Motorseglers, seiner Systeme und Anlagen}{}% 78
\BOOKMARK [1][-]{section.6.1}{Einf\374hrung}{chapter.6}% 79
\BOOKMARK [1][-]{section.6.2}{Steuerungsanlage im Cockpit}{chapter.6}% 80
\BOOKMARK [1][-]{section.6.3}{Fahrwerk}{chapter.6}% 81
\BOOKMARK [1][-]{section.6.4}{Instrumentierung}{chapter.6}% 82
\BOOKMARK [1][-]{section.6.5}{Bremsklappen}{chapter.6}% 83
\BOOKMARK [1][-]{section.6.6}{Gep\344ckraum}{chapter.6}% 84
\BOOKMARK [1][-]{section.6.7}{Triebwerksanlage}{chapter.6}% 85
\BOOKMARK [1][-]{section.6.8}{Akkupacks}{chapter.6}% 86
\BOOKMARK [1][-]{section.6.9}{Elektrische Anlage}{chapter.6}% 87
\BOOKMARK [1][-]{section.6.10}{Sonstige Ausr\374stung}{chapter.6}% 88
\BOOKMARK [0][-]{chapter.7}{Handhabung, Instandhaltung und Wartung}{}% 89
\BOOKMARK [1][-]{section.7.1}{Einf\374hrung}{chapter.7}% 90
\BOOKMARK [1][-]{section.7.2}{Pr\374fintervalle}{chapter.7}% 91
\BOOKMARK [1][-]{section.7.3}{FES Wartungsintervalle}{chapter.7}% 92
\BOOKMARK [1][-]{section.7.4}{\304nderungen oder Reparaturen am Segelflugzeug}{chapter.7}% 93
\BOOKMARK [1][-]{section.7.5}{Handhabung am Boden/Stra\337entransport}{chapter.7}% 94
\BOOKMARK [2][-]{subsection.7.5.1}{Ziehen/Schieben}{section.7.5}% 95
\BOOKMARK [2][-]{subsection.7.5.2}{Abstellen und Lagern}{section.7.5}% 96
\BOOKMARK [2][-]{subsection.7.5.3}{Vorbereitung auf den Stra\337entransport}{section.7.5}% 97
\BOOKMARK [1][-]{section.7.6}{Reinigung und Pflege}{chapter.7}% 98
