\BOOKMARK [0][-]{chapter*.2}{Berichtigungsstand}{}% 1
\BOOKMARK [0][-]{chapter.1}{Allgemeines}{}% 2
\BOOKMARK [1][-]{section.1.1}{Einf\374hrung}{chapter.1}% 3
\BOOKMARK [1][-]{section.1.2}{Zulassungsbasis}{chapter.1}% 4
\BOOKMARK [1][-]{section.1.3}{Hinweisstellen}{chapter.1}% 5
\BOOKMARK [1][-]{section.1.4}{Beschreibung und technische Daten}{chapter.1}% 6
\BOOKMARK [1][-]{section.1.5}{Dreiseitenansicht}{chapter.1}% 7
\BOOKMARK [0][-]{chapter.2}{Betriebsgrenzen und Angaben}{}% 8
\BOOKMARK [1][-]{section.2.1}{Einf\374hrung}{chapter.2}% 9
\BOOKMARK [1][-]{section.2.2}{Fluggeschwindigkeiten}{chapter.2}% 10
\BOOKMARK [1][-]{section.2.3}{Anzeigefehler in der Fahrtmesseranlage}{chapter.2}% 11
\BOOKMARK [1][-]{section.2.4}{\334berziehgeschwindigkeiten}{chapter.2}% 12
\BOOKMARK [1][-]{section.2.5}{Fahrtmessermarkierungen}{chapter.2}% 13
\BOOKMARK [1][-]{section.2.6}{Triebwerk}{chapter.2}% 14
\BOOKMARK [1][-]{section.2.7}{Triebwerksinstrumente}{chapter.2}% 15
\BOOKMARK [1][-]{section.2.8}{Masse \(Gewicht\)}{chapter.2}% 16
\BOOKMARK [1][-]{section.2.9}{Schwerpunkt}{chapter.2}% 17
\BOOKMARK [2][-]{subsection.2.9.1}{W\344gebericht}{section.2.9}% 18
\BOOKMARK [1][-]{section.2.10}{Zugelassene Man\366ver}{chapter.2}% 19
\BOOKMARK [1][-]{section.2.11}{Man\366verlastvielfache}{chapter.2}% 20
\BOOKMARK [1][-]{section.2.12}{Flugbesatzung}{chapter.2}% 21
\BOOKMARK [1][-]{section.2.13}{Betriebsarten}{chapter.2}% 22
\BOOKMARK [1][-]{section.2.14}{Mindestausr\374stung}{chapter.2}% 23
\BOOKMARK [1][-]{section.2.15}{Flugzeugschlepp und Windenschlepp}{chapter.2}% 24
\BOOKMARK [1][-]{section.2.16}{Hinweisschilder}{chapter.2}% 25
\BOOKMARK [0][-]{chapter.3}{Notverfahren}{}% 26
\BOOKMARK [1][-]{section.3.1}{Einf\374hrung}{chapter.3}% 27
\BOOKMARK [1][-]{section.3.2}{Abwerfen der Kabinenhaube}{chapter.3}% 28
\BOOKMARK [1][-]{section.3.3}{Notausstieg}{chapter.3}% 29
\BOOKMARK [1][-]{section.3.4}{Beenden des \374berzogenen Flugzustands}{chapter.3}% 30
\BOOKMARK [1][-]{section.3.5}{Beenden des Trudelns}{chapter.3}% 31
\BOOKMARK [1][-]{section.3.6}{Beenden des Spiralsturzes}{chapter.3}% 32
\BOOKMARK [1][-]{section.3.7}{Notlandungen}{chapter.3}% 33
\BOOKMARK [2][-]{subsection.3.7.1}{Notlandung mit eingezogenem Fahrwerk}{section.3.7}% 34
\BOOKMARK [2][-]{subsection.3.7.2}{Notlandung auf dem Wasser}{section.3.7}% 35
\BOOKMARK [2][-]{subsection.3.7.3}{Drehlandung \(\214Ringelpietz\215\)}{section.3.7}% 36
\BOOKMARK [1][-]{section.3.8}{Flug im Bereich von Gewittern}{chapter.3}% 37
\BOOKMARK [1][-]{section.3.9}{Flug bei Regen}{chapter.3}% 38
\BOOKMARK [1][-]{section.3.10}{Flug bei Vereisungsbedingungen}{chapter.3}% 39
\BOOKMARK [1][-]{section.3.11}{Systemausf\344lle}{chapter.3}% 40
\BOOKMARK [0][-]{chapter.4}{Normale Betriebsverfahren}{}% 41
\BOOKMARK [1][-]{section.4.1}{Einf\374hrung}{chapter.4}% 42
\BOOKMARK [1][-]{section.4.2}{Montageverfahren}{chapter.4}% 43
\BOOKMARK [2][-]{subsection.4.2.1}{Aufr\374sten}{section.4.2}% 44
\BOOKMARK [2][-]{subsection.4.2.2}{Abr\374sten}{section.4.2}% 45
\BOOKMARK [1][-]{section.4.3}{T\344gliche Kontrolle}{chapter.4}% 46
\BOOKMARK [1][-]{section.4.4}{Vorflugkontrolle}{chapter.4}% 47
\BOOKMARK [1][-]{section.4.5}{Normalverfahren und empfohlene Geschwindigkeiten}{chapter.4}% 48
\BOOKMARK [2][-]{subsection.4.5.1}{Windenstart}{section.4.5}% 49
\BOOKMARK [2][-]{subsection.4.5.2}{Flugzeugschlepp}{section.4.5}% 50
\BOOKMARK [2][-]{subsection.4.5.3}{Freier Flug}{section.4.5}% 51
\BOOKMARK [2][-]{subsection.4.5.4}{Benutzen des Triebwerks w\344hrend des Fluges}{section.4.5}% 52
\BOOKMARK [2][-]{subsection.4.5.5}{Landeanflug}{section.4.5}% 53
\BOOKMARK [0][-]{chapter.5}{Flugleistungen}{}% 54
\BOOKMARK [1][-]{section.5.1}{Einf\374hrung}{chapter.5}% 55
\BOOKMARK [2][-]{subsection.5.1.1}{Nachgewiesene Seitenwindkomponenten}{section.5.1}% 56
\BOOKMARK [1][-]{section.5.2}{Geschwindigkeitspolare}{chapter.5}% 57
\BOOKMARK [1][-]{section.5.3}{Gleitzahlpolare}{chapter.5}% 58
\BOOKMARK [1][-]{section.5.4}{Leistungsoptimale W\366lbklappenbedienung}{chapter.5}% 59
\BOOKMARK [0][-]{chapter.6}{Beschreibung d. Motorseglers, seiner Systeme und Anlagen}{}% 60
\BOOKMARK [1][-]{section.6.1}{Einf\374hrung}{chapter.6}% 61
\BOOKMARK [1][-]{section.6.2}{Bedienorgane}{chapter.6}% 62
\BOOKMARK [1][-]{section.6.3}{Fahrwerk}{chapter.6}% 63
\BOOKMARK [1][-]{section.6.4}{Instrumentierung}{chapter.6}% 64
\BOOKMARK [1][-]{section.6.5}{Bremsklappen}{chapter.6}% 65
\BOOKMARK [1][-]{section.6.6}{Gep\344ckraum}{chapter.6}% 66
\BOOKMARK [1][-]{section.6.7}{Triebwerksanlage}{chapter.6}% 67
\BOOKMARK [1][-]{section.6.8}{Faltpropeller}{chapter.6}% 68
\BOOKMARK [0][-]{chapter.7}{Pflege und Instandhaltung}{}% 69
\BOOKMARK [1][-]{section.7.1}{Einf\374hrung}{chapter.7}% 70
\BOOKMARK [1][-]{section.7.2}{\304nderungen oder Reparaturen}{chapter.7}% 71
\BOOKMARK [1][-]{section.7.3}{Handhabung am Boden/Stra\337entransport}{chapter.7}% 72
\BOOKMARK [2][-]{subsection.7.3.1}{Ziehen/Schieben}{section.7.3}% 73
\BOOKMARK [2][-]{subsection.7.3.2}{Abstellen und Lagern}{section.7.3}% 74
\BOOKMARK [2][-]{subsection.7.3.3}{Vorbereitung auf den Stra\337entransport}{section.7.3}% 75
\BOOKMARK [1][-]{section.7.4}{Reinigung und Pflege}{chapter.7}% 76
