This is pdfTeX, Version 3.1415926-2.3-1.40.12 (MiKTeX 2.9 64-bit) (preloaded format=pdflatex 2012.12.10)  24 MAY 2013 01:50
entering extended mode
**flughandbuch.tex
(Z:\02-Werkstatt\Flugzeuge\B13\Zulassung\Flughandbuch\flughandbuch.tex
LaTeX2e <2011/06/27>
Babel <v3.8m> and hyphenation patterns for english, afrikaans, ancientgreek, ar
abic, armenian, assamese, basque, bengali, bokmal, bulgarian, catalan, coptic, 
croatian, czech, danish, dutch, esperanto, estonian, farsi, finnish, french, ga
lician, german, german-x-2009-06-19, greek, gujarati, hindi, hungarian, iceland
ic, indonesian, interlingua, irish, italian, kannada, kurmanji, lao, latin, lat
vian, lithuanian, malayalam, marathi, mongolian, mongolianlmc, monogreek, ngerm
an, ngerman-x-2009-06-19, nynorsk, oriya, panjabi, pinyin, polish, portuguese, 
romanian, russian, sanskrit, serbian, slovak, slovenian, spanish, swedish, swis
sgerman, tamil, telugu, turkish, turkmen, ukenglish, ukrainian, uppersorbian, u
senglishmax, welsh, loaded.

(C:\Users\Akaflieg\AppData\Roaming\MiKTeX\2.9\tex\latex\koma-script\scrbook.cls
Document Class: scrbook 2012/07/29 v3.11b KOMA-Script document class (book)

(C:\Users\Akaflieg\AppData\Roaming\MiKTeX\2.9\tex\latex\koma-script\scrkbase.st
y
Package: scrkbase 2012/07/29 v3.11b KOMA-Script package (KOMA-Script-dependent 
basics and keyval usage)

(C:\Users\Akaflieg\AppData\Roaming\MiKTeX\2.9\tex\latex\koma-script\scrbase.sty
Package: scrbase 2012/07/29 v3.11b KOMA-Script package (KOMA-Script-independent
 basics and keyval usage)
("C:\Program Files\MiKTeX 2.9\tex\latex\graphics\keyval.sty"
Package: keyval 1999/03/16 v1.13 key=value parser (DPC)
\KV@toks@=\toks14
)
(C:\Users\Akaflieg\AppData\Roaming\MiKTeX\2.9\tex\latex\koma-script\scrlfile.st
y
Package: scrlfile 2012/06/15 v3.12 KOMA-Script package (loading files)

Package scrlfile, 2012/06/15 v3.12 KOMA-Script package (loading files)
                  Copyright (C) Markus Kohm

)))
(C:\Users\Akaflieg\AppData\Roaming\MiKTeX\2.9\tex\latex\koma-script\tocbasic.st
y
Package: tocbasic 2012/04/04 v3.10b KOMA-Script package (handling toc-files)
)
Package tocbasic Info: omitting babel extension for `toc'
(tocbasic)             because of feature `nobabel' available
(tocbasic)             for `toc' on input line 117.
Package tocbasic Info: omitting babel extension for `lof'
(tocbasic)             because of feature `nobabel' available
(tocbasic)             for `lof' on input line 118.
Package tocbasic Info: omitting babel extension for `lot'
(tocbasic)             because of feature `nobabel' available
(tocbasic)             for `lot' on input line 119.
Class scrbook Info: You've used standard option `oneside'.
(scrbook)           This is correct!
(scrbook)           Internally I'm using `twoside=false'.
(scrbook)           If you'd like to set the option with \KOMAoptions,
(scrbook)           you'd have to use `twoside=false' there
(scrbook)           instead of `oneside', too.
Class scrbook Info: You've used standard option `openany'.
(scrbook)           This is correct!
(scrbook)           Internally I'm using `open=any'.
(scrbook)           If you'd like to set the option with \KOMAoptions,
(scrbook)           you'd have to use `open=any' there
(scrbook)           instead of `openany', too.
Class scrbook Info: File `scrsize11pt.clo' used instead of
(scrbook)           file `scrsize11.clo' to setup font sizes on input line 1368
.

(C:\Users\Akaflieg\AppData\Roaming\MiKTeX\2.9\tex\latex\koma-script\scrsize11pt
.clo
File: scrsize11pt.clo 2012/07/29 v3.11b KOMA-Script font size class option (11p
t)
)
(C:\Users\Akaflieg\AppData\Roaming\MiKTeX\2.9\tex\latex\koma-script\typearea.st
y
Package: typearea 2012/07/29 v3.11b KOMA-Script package (type area)

Package typearea, 2012/07/29 v3.11b KOMA-Script package (type area)
                  Copyright (C) Frank Neukam, 1992-1994
                  Copyright (C) Markus Kohm, 1994-

\ta@bcor=\skip41
\ta@div=\count79
Package typearea Info: You've used standard option `a5paper'.
(typearea)             This is correct!
(typearea)             Internally I'm using `paper=a5'.
(typearea)             If you'd like to set the option with \KOMAoptions,
(typearea)             you'd have to use `paper=a5' there
(typearea)             instead of `a5paper', too.
Package typearea Info: You've used standard option `oneside'.
(typearea)             This is correct!
(typearea)             Internally I'm using `twoside=false'.
(typearea)             If you'd like to set the option with \KOMAoptions,
(typearea)             you'd have to use `twoside=false' there
(typearea)             instead of `oneside', too.
\ta@hblk=\skip42
\ta@vblk=\skip43
\ta@temp=\skip44

Package typearea Warning: Maybe no optimal type area settings!
(typearea)                The maximum limit of line width is about 18%
(typearea)                larger than the heuristically detected line width.
(typearea)                You may e.g. increase DIV, decrease fontsize
(typearea)                or change the papersize.

Package typearea Info: These are the values describing the layout:
(typearea)             DIV  = 10
(typearea)             BCOR = 0.0pt
(typearea)             \paperwidth      = 421.10083pt
(typearea)              \textwidth      = 294.7706pt
(typearea)              DIV departure   = 18%
(typearea)              \evensidemargin = -9.10487pt
(typearea)              \oddsidemargin  = -9.10487pt
(typearea)             \paperheight     = 597.50793pt
(typearea)              \textheight     = 419.00018pt
(typearea)              \topmargin      = -49.9192pt
(typearea)              \headheight     = 17.0pt
(typearea)              \headsep        = 20.40001pt
(typearea)              \topskip        = 11.0pt
(typearea)              \footskip       = 47.60002pt
(typearea)              \baselineskip   = 13.6pt
(typearea)              on input line 1213.
)
\c@part=\count80
\c@chapter=\count81
\c@section=\count82
\c@subsection=\count83
\c@subsubsection=\count84
\c@paragraph=\count85
\c@subparagraph=\count86
\abovecaptionskip=\skip45
\belowcaptionskip=\skip46
\c@pti@nb@sid@b@x=\box26
\c@figure=\count87
\c@table=\count88
\bibindent=\dimen102
) ("C:\Program Files\MiKTeX 2.9\tex\latex\base\inputenc.sty"
Package: inputenc 2008/03/30 v1.1d Input encoding file
\inpenc@prehook=\toks15
\inpenc@posthook=\toks16

("C:\Program Files\MiKTeX 2.9\tex\latex\base\utf8.def"
File: utf8.def 2008/04/05 v1.1m UTF-8 support for inputenc
Now handling font encoding OML ...
... no UTF-8 mapping file for font encoding OML
Now handling font encoding T1 ...
... processing UTF-8 mapping file for font encoding T1

("C:\Program Files\MiKTeX 2.9\tex\latex\base\t1enc.dfu"
File: t1enc.dfu 2008/04/05 v1.1m UTF-8 support for inputenc
   defining Unicode char U+00A1 (decimal 161)
   defining Unicode char U+00A3 (decimal 163)
   defining Unicode char U+00AB (decimal 171)
   defining Unicode char U+00BB (decimal 187)
   defining Unicode char U+00BF (decimal 191)
   defining Unicode char U+00C0 (decimal 192)
   defining Unicode char U+00C1 (decimal 193)
   defining Unicode char U+00C2 (decimal 194)
   defining Unicode char U+00C3 (decimal 195)
   defining Unicode char U+00C4 (decimal 196)
   defining Unicode char U+00C5 (decimal 197)
   defining Unicode char U+00C6 (decimal 198)
   defining Unicode char U+00C7 (decimal 199)
   defining Unicode char U+00C8 (decimal 200)
   defining Unicode char U+00C9 (decimal 201)
   defining Unicode char U+00CA (decimal 202)
   defining Unicode char U+00CB (decimal 203)
   defining Unicode char U+00CC (decimal 204)
   defining Unicode char U+00CD (decimal 205)
   defining Unicode char U+00CE (decimal 206)
   defining Unicode char U+00CF (decimal 207)
   defining Unicode char U+00D0 (decimal 208)
   defining Unicode char U+00D1 (decimal 209)
   defining Unicode char U+00D2 (decimal 210)
   defining Unicode char U+00D3 (decimal 211)
   defining Unicode char U+00D4 (decimal 212)
   defining Unicode char U+00D5 (decimal 213)
   defining Unicode char U+00D6 (decimal 214)
   defining Unicode char U+00D8 (decimal 216)
   defining Unicode char U+00D9 (decimal 217)
   defining Unicode char U+00DA (decimal 218)
   defining Unicode char U+00DB (decimal 219)
   defining Unicode char U+00DC (decimal 220)
   defining Unicode char U+00DD (decimal 221)
   defining Unicode char U+00DE (decimal 222)
   defining Unicode char U+00DF (decimal 223)
   defining Unicode char U+00E0 (decimal 224)
   defining Unicode char U+00E1 (decimal 225)
   defining Unicode char U+00E2 (decimal 226)
   defining Unicode char U+00E3 (decimal 227)
   defining Unicode char U+00E4 (decimal 228)
   defining Unicode char U+00E5 (decimal 229)
   defining Unicode char U+00E6 (decimal 230)
   defining Unicode char U+00E7 (decimal 231)
   defining Unicode char U+00E8 (decimal 232)
   defining Unicode char U+00E9 (decimal 233)
   defining Unicode char U+00EA (decimal 234)
   defining Unicode char U+00EB (decimal 235)
   defining Unicode char U+00EC (decimal 236)
   defining Unicode char U+00ED (decimal 237)
   defining Unicode char U+00EE (decimal 238)
   defining Unicode char U+00EF (decimal 239)
   defining Unicode char U+00F0 (decimal 240)
   defining Unicode char U+00F1 (decimal 241)
   defining Unicode char U+00F2 (decimal 242)
   defining Unicode char U+00F3 (decimal 243)
   defining Unicode char U+00F4 (decimal 244)
   defining Unicode char U+00F5 (decimal 245)
   defining Unicode char U+00F6 (decimal 246)
   defining Unicode char U+00F8 (decimal 248)
   defining Unicode char U+00F9 (decimal 249)
   defining Unicode char U+00FA (decimal 250)
   defining Unicode char U+00FB (decimal 251)
   defining Unicode char U+00FC (decimal 252)
   defining Unicode char U+00FD (decimal 253)
   defining Unicode char U+00FE (decimal 254)
   defining Unicode char U+00FF (decimal 255)
   defining Unicode char U+0102 (decimal 258)
   defining Unicode char U+0103 (decimal 259)
   defining Unicode char U+0104 (decimal 260)
   defining Unicode char U+0105 (decimal 261)
   defining Unicode char U+0106 (decimal 262)
   defining Unicode char U+0107 (decimal 263)
   defining Unicode char U+010C (decimal 268)
   defining Unicode char U+010D (decimal 269)
   defining Unicode char U+010E (decimal 270)
   defining Unicode char U+010F (decimal 271)
   defining Unicode char U+0110 (decimal 272)
   defining Unicode char U+0111 (decimal 273)
   defining Unicode char U+0118 (decimal 280)
   defining Unicode char U+0119 (decimal 281)
   defining Unicode char U+011A (decimal 282)
   defining Unicode char U+011B (decimal 283)
   defining Unicode char U+011E (decimal 286)
   defining Unicode char U+011F (decimal 287)
   defining Unicode char U+0130 (decimal 304)
   defining Unicode char U+0131 (decimal 305)
   defining Unicode char U+0132 (decimal 306)
   defining Unicode char U+0133 (decimal 307)
   defining Unicode char U+0139 (decimal 313)
   defining Unicode char U+013A (decimal 314)
   defining Unicode char U+013D (decimal 317)
   defining Unicode char U+013E (decimal 318)
   defining Unicode char U+0141 (decimal 321)
   defining Unicode char U+0142 (decimal 322)
   defining Unicode char U+0143 (decimal 323)
   defining Unicode char U+0144 (decimal 324)
   defining Unicode char U+0147 (decimal 327)
   defining Unicode char U+0148 (decimal 328)
   defining Unicode char U+014A (decimal 330)
   defining Unicode char U+014B (decimal 331)
   defining Unicode char U+0150 (decimal 336)
   defining Unicode char U+0151 (decimal 337)
   defining Unicode char U+0152 (decimal 338)
   defining Unicode char U+0153 (decimal 339)
   defining Unicode char U+0154 (decimal 340)
   defining Unicode char U+0155 (decimal 341)
   defining Unicode char U+0158 (decimal 344)
   defining Unicode char U+0159 (decimal 345)
   defining Unicode char U+015A (decimal 346)
   defining Unicode char U+015B (decimal 347)
   defining Unicode char U+015E (decimal 350)
   defining Unicode char U+015F (decimal 351)
   defining Unicode char U+0160 (decimal 352)
   defining Unicode char U+0161 (decimal 353)
   defining Unicode char U+0162 (decimal 354)
   defining Unicode char U+0163 (decimal 355)
   defining Unicode char U+0164 (decimal 356)
   defining Unicode char U+0165 (decimal 357)
   defining Unicode char U+016E (decimal 366)
   defining Unicode char U+016F (decimal 367)
   defining Unicode char U+0170 (decimal 368)
   defining Unicode char U+0171 (decimal 369)
   defining Unicode char U+0178 (decimal 376)
   defining Unicode char U+0179 (decimal 377)
   defining Unicode char U+017A (decimal 378)
   defining Unicode char U+017B (decimal 379)
   defining Unicode char U+017C (decimal 380)
   defining Unicode char U+017D (decimal 381)
   defining Unicode char U+017E (decimal 382)
   defining Unicode char U+200C (decimal 8204)
   defining Unicode char U+2013 (decimal 8211)
   defining Unicode char U+2014 (decimal 8212)
   defining Unicode char U+2018 (decimal 8216)
   defining Unicode char U+2019 (decimal 8217)
   defining Unicode char U+201A (decimal 8218)
   defining Unicode char U+201C (decimal 8220)
   defining Unicode char U+201D (decimal 8221)
   defining Unicode char U+201E (decimal 8222)
   defining Unicode char U+2030 (decimal 8240)
   defining Unicode char U+2031 (decimal 8241)
   defining Unicode char U+2039 (decimal 8249)
   defining Unicode char U+203A (decimal 8250)
   defining Unicode char U+2423 (decimal 9251)
)
Now handling font encoding OT1 ...
... processing UTF-8 mapping file for font encoding OT1

("C:\Program Files\MiKTeX 2.9\tex\latex\base\ot1enc.dfu"
File: ot1enc.dfu 2008/04/05 v1.1m UTF-8 support for inputenc
   defining Unicode char U+00A1 (decimal 161)
   defining Unicode char U+00A3 (decimal 163)
   defining Unicode char U+00B8 (decimal 184)
   defining Unicode char U+00BF (decimal 191)
   defining Unicode char U+00C5 (decimal 197)
   defining Unicode char U+00C6 (decimal 198)
   defining Unicode char U+00D8 (decimal 216)
   defining Unicode char U+00DF (decimal 223)
   defining Unicode char U+00E6 (decimal 230)
   defining Unicode char U+00EC (decimal 236)
   defining Unicode char U+00ED (decimal 237)
   defining Unicode char U+00EE (decimal 238)
   defining Unicode char U+00EF (decimal 239)
   defining Unicode char U+00F8 (decimal 248)
   defining Unicode char U+0131 (decimal 305)
   defining Unicode char U+0141 (decimal 321)
   defining Unicode char U+0142 (decimal 322)
   defining Unicode char U+0152 (decimal 338)
   defining Unicode char U+0153 (decimal 339)
   defining Unicode char U+2013 (decimal 8211)
   defining Unicode char U+2014 (decimal 8212)
   defining Unicode char U+2018 (decimal 8216)
   defining Unicode char U+2019 (decimal 8217)
   defining Unicode char U+201C (decimal 8220)
   defining Unicode char U+201D (decimal 8221)
)
Now handling font encoding OMS ...
... processing UTF-8 mapping file for font encoding OMS

("C:\Program Files\MiKTeX 2.9\tex\latex\base\omsenc.dfu"
File: omsenc.dfu 2008/04/05 v1.1m UTF-8 support for inputenc
   defining Unicode char U+00A7 (decimal 167)
   defining Unicode char U+00B6 (decimal 182)
   defining Unicode char U+00B7 (decimal 183)
   defining Unicode char U+2020 (decimal 8224)
   defining Unicode char U+2021 (decimal 8225)
   defining Unicode char U+2022 (decimal 8226)
)
Now handling font encoding OMX ...
... no UTF-8 mapping file for font encoding OMX
Now handling font encoding U ...
... no UTF-8 mapping file for font encoding U
   defining Unicode char U+00A9 (decimal 169)
   defining Unicode char U+00AA (decimal 170)
   defining Unicode char U+00AE (decimal 174)
   defining Unicode char U+00BA (decimal 186)
   defining Unicode char U+02C6 (decimal 710)
   defining Unicode char U+02DC (decimal 732)
   defining Unicode char U+200C (decimal 8204)
   defining Unicode char U+2026 (decimal 8230)
   defining Unicode char U+2122 (decimal 8482)
   defining Unicode char U+2423 (decimal 9251)
))
("C:\Program Files\MiKTeX 2.9\tex\latex\base\fontenc.sty"
Package: fontenc 2005/09/27 v1.99g Standard LaTeX package

("C:\Program Files\MiKTeX 2.9\tex\latex\base\t1enc.def"
File: t1enc.def 2005/09/27 v1.99g Standard LaTeX file
LaTeX Font Info:    Redeclaring font encoding T1 on input line 43.
))
("C:\Program Files\MiKTeX 2.9\tex\latex\geometry\geometry.sty"
Package: geometry 2010/09/12 v5.6 Page Geometry

("C:\Program Files\MiKTeX 2.9\tex\generic\oberdiek\ifpdf.sty"
Package: ifpdf 2011/01/30 v2.3 Provides the ifpdf switch (HO)
Package ifpdf Info: pdfTeX in PDF mode is detected.
)
("C:\Program Files\MiKTeX 2.9\tex\generic\oberdiek\ifvtex.sty"
Package: ifvtex 2010/03/01 v1.5 Detect VTeX and its facilities (HO)
Package ifvtex Info: VTeX not detected.
)
("C:\Program Files\MiKTeX 2.9\tex\generic\ifxetex\ifxetex.sty"
Package: ifxetex 2010/09/12 v0.6 Provides ifxetex conditional
)
\Gm@cnth=\count89
\Gm@cntv=\count90
\c@Gm@tempcnt=\count91
\Gm@bindingoffset=\dimen103
\Gm@wd@mp=\dimen104
\Gm@odd@mp=\dimen105
\Gm@even@mp=\dimen106
\Gm@layoutwidth=\dimen107
\Gm@layoutheight=\dimen108
\Gm@layouthoffset=\dimen109
\Gm@layoutvoffset=\dimen110
\Gm@dimlist=\toks17

("C:\Program Files\MiKTeX 2.9\tex\latex\geometry\geometry.cfg"))
(C:\Users\Akaflieg\AppData\Roaming\MiKTeX\2.9\tex\latex\german\ngerman.sty
v2.5e 1998-07-08
Package: ngerman 1998/07/08 v2.5e Support for writing german texts (br)
\grmnU@D=\dimen111
ngerman -- \language number for naustrian undefined, default 44 used.
) ("C:\Program Files\MiKTeX 2.9\tex\latex\graphics\graphicx.sty"
Package: graphicx 1999/02/16 v1.0f Enhanced LaTeX Graphics (DPC,SPQR)
 ("C:\Program Files\MiKTeX 2.9\tex\latex\graphics\graphics.sty"
Package: graphics 2009/02/05 v1.0o Standard LaTeX Graphics (DPC,SPQR)

("C:\Program Files\MiKTeX 2.9\tex\latex\graphics\trig.sty"
Package: trig 1999/03/16 v1.09 sin cos tan (DPC)
)
("C:\Program Files\MiKTeX 2.9\tex\latex\00miktex\graphics.cfg"
File: graphics.cfg 2007/01/18 v1.5 graphics configuration of teTeX/TeXLive
)
Package graphics Info: Driver file: pdftex.def on input line 91.

("C:\Program Files\MiKTeX 2.9\tex\latex\pdftex-def\pdftex.def"
File: pdftex.def 2011/05/27 v0.06d Graphics/color for pdfTeX

("C:\Program Files\MiKTeX 2.9\tex\generic\oberdiek\infwarerr.sty"
Package: infwarerr 2010/04/08 v1.3 Providing info/warning/error messages (HO)
)
("C:\Program Files\MiKTeX 2.9\tex\generic\oberdiek\ltxcmds.sty"
Package: ltxcmds 2011/11/09 v1.22 LaTeX kernel commands for general use (HO)
)
\Gread@gobject=\count92
))
\Gin@req@height=\dimen112
\Gin@req@width=\dimen113
)
("C:\Program Files\MiKTeX 2.9\tex\latex\graphics\color.sty"
Package: color 2005/11/14 v1.0j Standard LaTeX Color (DPC)

("C:\Program Files\MiKTeX 2.9\tex\latex\00miktex\color.cfg"
File: color.cfg 2007/01/18 v1.5 color configuration of teTeX/TeXLive
)
Package color Info: Driver file: pdftex.def on input line 130.
)
(C:\Users\Akaflieg\AppData\Roaming\MiKTeX\2.9\tex\latex\cancel\cancel.sty
Package: cancel 2000/03/12 v2.1 Cancel math terms
)
("C:\Program Files\MiKTeX 2.9\tex\latex\ams\math\amsmath.sty"
Package: amsmath 2000/07/18 v2.13 AMS math features
\@mathmargin=\skip47

For additional information on amsmath, use the `?' option.
("C:\Program Files\MiKTeX 2.9\tex\latex\ams\math\amstext.sty"
Package: amstext 2000/06/29 v2.01

("C:\Program Files\MiKTeX 2.9\tex\latex\ams\math\amsgen.sty"
File: amsgen.sty 1999/11/30 v2.0
\@emptytoks=\toks18
\ex@=\dimen114
))
("C:\Program Files\MiKTeX 2.9\tex\latex\ams\math\amsbsy.sty"
Package: amsbsy 1999/11/29 v1.2d
\pmbraise@=\dimen115
)
("C:\Program Files\MiKTeX 2.9\tex\latex\ams\math\amsopn.sty"
Package: amsopn 1999/12/14 v2.01 operator names
)
\inf@bad=\count93
LaTeX Info: Redefining \frac on input line 211.
\uproot@=\count94
\leftroot@=\count95
LaTeX Info: Redefining \overline on input line 307.
\classnum@=\count96
\DOTSCASE@=\count97
LaTeX Info: Redefining \ldots on input line 379.
LaTeX Info: Redefining \dots on input line 382.
LaTeX Info: Redefining \cdots on input line 467.
\Mathstrutbox@=\box27
\strutbox@=\box28
\big@size=\dimen116
LaTeX Font Info:    Redeclaring font encoding OML on input line 567.
LaTeX Font Info:    Redeclaring font encoding OMS on input line 568.
\macc@depth=\count98
\c@MaxMatrixCols=\count99
\dotsspace@=\muskip10
\c@parentequation=\count100
\dspbrk@lvl=\count101
\tag@help=\toks19
\row@=\count102
\column@=\count103
\maxfields@=\count104
\andhelp@=\toks20
\eqnshift@=\dimen117
\alignsep@=\dimen118
\tagshift@=\dimen119
\tagwidth@=\dimen120
\totwidth@=\dimen121
\lineht@=\dimen122
\@envbody=\toks21
\multlinegap=\skip48
\multlinetaggap=\skip49
\mathdisplay@stack=\toks22
LaTeX Info: Redefining \[ on input line 2666.
LaTeX Info: Redefining \] on input line 2667.
)
("C:\Program Files\MiKTeX 2.9\tex\latex\amsfonts\amssymb.sty"
Package: amssymb 2009/06/22 v3.00

("C:\Program Files\MiKTeX 2.9\tex\latex\amsfonts\amsfonts.sty"
Package: amsfonts 2009/06/22 v3.00 Basic AMSFonts support
\symAMSa=\mathgroup4
\symAMSb=\mathgroup5
LaTeX Font Info:    Overwriting math alphabet `\mathfrak' in version `bold'
(Font)                  U/euf/m/n --> U/euf/b/n on input line 96.
))
(C:\Users\Akaflieg\AppData\Roaming\MiKTeX\2.9\tex\latex\listings\listings.sty
\lst@mode=\count105
\lst@gtempboxa=\box29
\lst@token=\toks23
\lst@length=\count106
\lst@currlwidth=\dimen123
\lst@column=\count107
\lst@pos=\count108
\lst@lostspace=\dimen124
\lst@width=\dimen125
\lst@newlines=\count109
\lst@lineno=\count110
\lst@maxwidth=\dimen126

(C:\Users\Akaflieg\AppData\Roaming\MiKTeX\2.9\tex\latex\listings\lstmisc.sty
File: lstmisc.sty 2007/02/22 1.4 (Carsten Heinz)
\c@lstnumber=\count111
\lst@skipnumbers=\count112
\lst@framebox=\box30
)
(C:\Users\Akaflieg\AppData\Roaming\MiKTeX\2.9\tex\latex\listings\listings.cfg
File: listings.cfg 2007/02/22 1.4 listings configuration
))
Package: listings 2007/02/22 1.4 (Carsten Heinz)
(C:\Users\Akaflieg\AppData\Roaming\MiKTeX\2.9\tex\latex\subfig\subfig.sty
Package: subfig 2005/06/28 ver: 1.3 subfig package

(C:\Users\Akaflieg\AppData\Roaming\MiKTeX\2.9\tex\latex\caption\caption.sty
Package: caption 2013/04/14 v3.3-73 Customizing captions (AR)

(C:\Users\Akaflieg\AppData\Roaming\MiKTeX\2.9\tex\latex\caption\caption3.sty
Package: caption3 2013/04/14 v1.5-71 caption3 kernel (AR)
\captionmargin=\dimen127
\captionmargin@=\dimen128
\captionwidth=\dimen129
\caption@tempdima=\dimen130
\caption@indent=\dimen131
\caption@parindent=\dimen132
\caption@hangindent=\dimen133
)
Package caption Info: KOMA-Script document class.
\c@ContinuedFloat=\count113
Package caption Info: listings package is loaded.
)
\c@KVtest=\count114
\sf@farskip=\skip50
\sf@captopadj=\dimen134
\sf@capskip=\skip51
\sf@nearskip=\skip52
\c@subfigure=\count115
\c@subfigure@save=\count116
\c@lofdepth=\count117
\c@subtable=\count118
\c@subtable@save=\count119
\c@lotdepth=\count120
\sf@top=\skip53
\sf@bottom=\skip54
) (C:\Users\Akaflieg\AppData\Roaming\MiKTeX\2.9\tex\latex\tocloft\tocloft.sty
Package: tocloft 2013/05/02 v2.3f parameterised ToC, etc., typesetting
Package tocloft Info: The document has chapter divisions on input line 44.
\cftparskip=\skip55
\cftbeforetoctitleskip=\skip56
\cftaftertoctitleskip=\skip57
\cftbeforepartskip=\skip58
\cftpartnumwidth=\skip59
\cftpartindent=\skip60
\cftbeforechapskip=\skip61
\cftchapindent=\skip62
\cftchapnumwidth=\skip63
\cftbeforesecskip=\skip64
\cftsecindent=\skip65
\cftsecnumwidth=\skip66
\cftbeforesubsecskip=\skip67
\cftsubsecindent=\skip68
\cftsubsecnumwidth=\skip69
\cftbeforesubsubsecskip=\skip70
\cftsubsubsecindent=\skip71
\cftsubsubsecnumwidth=\skip72
\cftbeforeparaskip=\skip73
\cftparaindent=\skip74
\cftparanumwidth=\skip75
\cftbeforesubparaskip=\skip76
\cftsubparaindent=\skip77
\cftsubparanumwidth=\skip78
\cftbeforeloftitleskip=\skip79
\cftafterloftitleskip=\skip80
\cftbeforefigskip=\skip81
\cftfigindent=\skip82
\cftfignumwidth=\skip83
\cftbeforelottitleskip=\skip84
\cftafterlottitleskip=\skip85
\cftbeforetabskip=\skip86
\cfttabindent=\skip87
\cfttabnumwidth=\skip88
\cftbeforesubfigskip=\skip89
\cftsubfigindent=\skip90
\cftsubfignumwidth=\skip91
\cftbeforesubtabskip=\skip92
\cftsubtabindent=\skip93
\cftsubtabnumwidth=\skip94
)
("C:\Program Files\MiKTeX 2.9\tex\latex\float\float.sty"
Package: float 2001/11/08 v1.3d Float enhancements (AL)
\c@float@type=\count121
\float@exts=\toks24
\float@box=\box31
\@float@everytoks=\toks25
\@floatcapt=\box32
)
(C:\Users\Akaflieg\AppData\Roaming\MiKTeX\2.9\tex\latex\pdfpages\pdfpages.sty
Package: pdfpages 2012/08/31 v0.4t Insert pages of external PDF documents (AM)

("C:\Program Files\MiKTeX 2.9\tex\latex\base\ifthen.sty"
Package: ifthen 2001/05/26 v1.1c Standard LaTeX ifthen package (DPC)
)
("C:\Program Files\MiKTeX 2.9\tex\latex\tools\calc.sty"
Package: calc 2007/08/22 v4.3 Infix arithmetic (KKT,FJ)
\calc@Acount=\count122
\calc@Bcount=\count123
\calc@Adimen=\dimen135
\calc@Bdimen=\dimen136
\calc@Askip=\skip95
\calc@Bskip=\skip96
LaTeX Info: Redefining \setlength on input line 76.
LaTeX Info: Redefining \addtolength on input line 77.
\calc@Ccount=\count124
\calc@Cskip=\skip97
)
(C:\Users\Akaflieg\AppData\Roaming\MiKTeX\2.9\tex\latex\eso-pic\eso-pic.sty
Package: eso-pic 2010/10/06 v2.0c eso-pic (RN)

("C:\Program Files\MiKTeX 2.9\tex\generic\oberdiek\atbegshi.sty"
Package: atbegshi 2011/10/05 v1.16 At begin shipout hook (HO)
))
(C:\Users\Akaflieg\AppData\Roaming\MiKTeX\2.9\tex\latex\pdfpages\pppdftex.def
File: pppdftex.def 2012/08/31 v0.4t Pdfpages driver for pdfTeX (AM)
)
\AM@pagebox=\box33
\AM@toc@title=\toks26
\c@AM@survey=\count125
\AM@templatesizebox=\box34
)
(C:\Users\Akaflieg\AppData\Roaming\MiKTeX\2.9\tex\latex\koma-script\scrpage2.st
y
Package: scrpage2 2010/04/22 v2.5 LaTeX2e KOMA-Script package
LaTeX Info: Redefining \pagemark on input line 176.
) (C:\Users\Akaflieg\AppData\Roaming\MiKTeX\2.9\tex\latex\xcolor\xcolor.sty
Package: xcolor 2007/01/21 v2.11 LaTeX color extensions (UK)

("C:\Program Files\MiKTeX 2.9\tex\latex\00miktex\color.cfg"
File: color.cfg 2007/01/18 v1.5 color configuration of teTeX/TeXLive
)
Package xcolor Info: Driver file: pdftex.def on input line 225.
LaTeX Info: Redefining \color on input line 702.
Package xcolor Info: Model `cmy' substituted by `cmy0' on input line 1337.
Package xcolor Info: Model `hsb' substituted by `rgb' on input line 1341.
Package xcolor Info: Model `RGB' extended on input line 1353.
Package xcolor Info: Model `HTML' substituted by `rgb' on input line 1355.
Package xcolor Info: Model `Hsb' substituted by `hsb' on input line 1356.
Package xcolor Info: Model `tHsb' substituted by `hsb' on input line 1357.
Package xcolor Info: Model `HSB' substituted by `hsb' on input line 1358.
Package xcolor Info: Model `Gray' substituted by `gray' on input line 1359.
Package xcolor Info: Model `wave' substituted by `hsb' on input line 1360.
)
(C:\Users\Akaflieg\AppData\Roaming\MiKTeX\2.9\tex\latex\sectsty\sectsty.sty
Package: sectsty 2002/02/25 v2.0.2 Commands to change all sectional heading sty
les
)
("C:\Program Files\MiKTeX 2.9\tex\latex\tools\array.sty"
Package: array 2008/09/09 v2.4c Tabular extension package (FMi)
\col@sep=\dimen137
\extrarowheight=\dimen138
\NC@list=\toks27
\extratabsurround=\skip98
\backup@length=\skip99
)
("C:\Program Files\MiKTeX 2.9\tex\latex\tools\longtable.sty"
Package: longtable 2004/02/01 v4.11 Multi-page Table package (DPC)
\LTleft=\skip100
\LTright=\skip101
\LTpre=\skip102
\LTpost=\skip103
\LTchunksize=\count126
\LTcapwidth=\dimen139
\LT@head=\box35
\LT@firsthead=\box36
\LT@foot=\box37
\LT@lastfoot=\box38
\LT@cols=\count127
\LT@rows=\count128
\c@LT@tables=\count129
\c@LT@chunks=\count130
\LT@p@ftn=\toks28
)
Class scrbook Info: longtable captions redefined on input line 21.

("C:\Program Files\MiKTeX 2.9\tex\latex\hyperref\hyperref.sty"
Package: hyperref 2012/05/13 v6.82q Hypertext links for LaTeX

("C:\Program Files\MiKTeX 2.9\tex\generic\oberdiek\hobsub-hyperref.sty"
Package: hobsub-hyperref 2012/04/25 v1.12 Bundle oberdiek, subset hyperref (HO)


("C:\Program Files\MiKTeX 2.9\tex\generic\oberdiek\hobsub-generic.sty"
Package: hobsub-generic 2012/04/25 v1.12 Bundle oberdiek, subset generic (HO)
Package: hobsub 2012/04/25 v1.12 Construct package bundles (HO)
Package hobsub Info: Skipping package `infwarerr' (already loaded).
Package hobsub Info: Skipping package `ltxcmds' (already loaded).
Package: ifluatex 2010/03/01 v1.3 Provides the ifluatex switch (HO)
Package ifluatex Info: LuaTeX not detected.
Package hobsub Info: Skipping package `ifvtex' (already loaded).
Package: intcalc 2007/09/27 v1.1 Expandable calculations with integers (HO)
Package hobsub Info: Skipping package `ifpdf' (already loaded).
Package: etexcmds 2011/02/16 v1.5 Avoid name clashes with e-TeX commands (HO)
Package etexcmds Info: Could not find \expanded.
(etexcmds)             That can mean that you are not using pdfTeX 1.50 or
(etexcmds)             that some package has redefined \expanded.
(etexcmds)             In the latter case, load this package earlier.
Package: kvsetkeys 2012/04/25 v1.16 Key value parser (HO)
Package: kvdefinekeys 2011/04/07 v1.3 Define keys (HO)
Package: pdftexcmds 2011/11/29 v0.20 Utility functions of pdfTeX for LuaTeX (HO
)
Package pdftexcmds Info: LuaTeX not detected.
Package pdftexcmds Info: \pdf@primitive is available.
Package pdftexcmds Info: \pdf@ifprimitive is available.
Package pdftexcmds Info: \pdfdraftmode found.
Package: pdfescape 2011/11/25 v1.13 Implements pdfTeX's escape features (HO)
Package: bigintcalc 2012/04/08 v1.3 Expandable calculations on big integers (HO
)
Package: bitset 2011/01/30 v1.1 Handle bit-vector datatype (HO)
Package: uniquecounter 2011/01/30 v1.2 Provide unlimited unique counter (HO)
)
Package hobsub Info: Skipping package `hobsub' (already loaded).
Package: letltxmacro 2010/09/02 v1.4 Let assignment for LaTeX macros (HO)
Package: hopatch 2011/06/24 v1.1 Wrapper for package hooks (HO)
Package: xcolor-patch 2011/01/30 xcolor patch
Package: atveryend 2011/06/30 v1.8 Hooks at the very end of document (HO)
Package atveryend Info: \enddocument detected (standard20110627).
Package hobsub Info: Skipping package `atbegshi' (already loaded).
Package: refcount 2011/10/16 v3.4 Data extraction from label references (HO)
Package: hycolor 2011/01/30 v1.7 Color options for hyperref/bookmark (HO)
)
("C:\Program Files\MiKTeX 2.9\tex\latex\oberdiek\kvoptions.sty"
Package: kvoptions 2011/06/30 v3.11 Key value format for package options (HO)
)
\@linkdim=\dimen140
\Hy@linkcounter=\count131
\Hy@pagecounter=\count132

("C:\Program Files\MiKTeX 2.9\tex\latex\hyperref\pd1enc.def"
File: pd1enc.def 2012/05/13 v6.82q Hyperref: PDFDocEncoding definition (HO)
Now handling font encoding PD1 ...
... no UTF-8 mapping file for font encoding PD1
)
\Hy@SavedSpaceFactor=\count133

("C:\Program Files\MiKTeX 2.9\tex\latex\00miktex\hyperref.cfg"
File: hyperref.cfg 2002/06/06 v1.2 hyperref configuration of TeXLive
)
Package hyperref Info: Hyper figures OFF on input line 4062.
Package hyperref Info: Link nesting OFF on input line 4067.
Package hyperref Info: Hyper index ON on input line 4070.
Package hyperref Info: Plain pages OFF on input line 4077.
Package hyperref Info: Backreferencing OFF on input line 4082.
Package hyperref Info: Implicit mode ON; LaTeX internals redefined.
Package hyperref Info: Bookmarks ON on input line 4300.
\c@Hy@tempcnt=\count134

("C:\Program Files\MiKTeX 2.9\tex\latex\ltxmisc\url.sty"
\Urlmuskip=\muskip11
Package: url 2006/04/12  ver 3.3  Verb mode for urls, etc.
)
LaTeX Info: Redefining \url on input line 4653.
\Fld@menulength=\count135
\Field@Width=\dimen141
\Fld@charsize=\dimen142
Package hyperref Info: Hyper figures OFF on input line 5773.
Package hyperref Info: Link nesting OFF on input line 5778.
Package hyperref Info: Hyper index ON on input line 5781.
Package hyperref Info: backreferencing OFF on input line 5788.
Package hyperref Info: Link coloring OFF on input line 5793.
Package hyperref Info: Link coloring with OCG OFF on input line 5798.
Package hyperref Info: PDF/A mode OFF on input line 5803.
LaTeX Info: Redefining \ref on input line 5843.
LaTeX Info: Redefining \pageref on input line 5847.
\Hy@abspage=\count136
\c@Item=\count137
\c@Hfootnote=\count138
)

Package hyperref Message: Driver (autodetected): hpdftex.

("C:\Program Files\MiKTeX 2.9\tex\latex\hyperref\hpdftex.def"
File: hpdftex.def 2012/05/13 v6.82q Hyperref driver for pdfTeX
\Fld@listcount=\count139
\c@bookmark@seq@number=\count140

("C:\Program Files\MiKTeX 2.9\tex\latex\oberdiek\rerunfilecheck.sty"
Package: rerunfilecheck 2011/04/15 v1.7 Rerun checks for auxiliary files (HO)
Package uniquecounter Info: New unique counter `rerunfilecheck' on input line 2
82.
)
\Hy@SectionHShift=\skip104
)
(Z:\02-Werkstatt\Flugzeuge\B13\Zulassung\Flughandbuch\flughandbuch.aux)
LaTeX Font Info:    Checking defaults for OML/cmm/m/it on input line 44.
LaTeX Font Info:    ... okay on input line 44.
LaTeX Font Info:    Checking defaults for T1/cmr/m/n on input line 44.
LaTeX Font Info:    ... okay on input line 44.
LaTeX Font Info:    Checking defaults for OT1/cmr/m/n on input line 44.
LaTeX Font Info:    ... okay on input line 44.
LaTeX Font Info:    Checking defaults for OMS/cmsy/m/n on input line 44.
LaTeX Font Info:    ... okay on input line 44.
LaTeX Font Info:    Checking defaults for OMX/cmex/m/n on input line 44.
LaTeX Font Info:    ... okay on input line 44.
LaTeX Font Info:    Checking defaults for U/cmr/m/n on input line 44.
LaTeX Font Info:    ... okay on input line 44.
LaTeX Font Info:    Checking defaults for PD1/pdf/m/n on input line 44.
LaTeX Font Info:    ... okay on input line 44.

*geometry* driver: auto-detecting
*geometry* detected driver: pdftex
*geometry* verbose mode - [ preamble ] result:
* driver: pdftex
* paper: a5paper
* layout: <same size as paper>
* layoutoffset:(h,v)=(0.0pt,0.0pt)
* modes: 
* h-part:(L,W,R)=(56.9055pt, 307.28978pt, 56.9055pt)
* v-part:(T,H,B)=(56.9055pt, 455.24411pt, 85.35826pt)
* \paperwidth=421.10078pt
* \paperheight=597.50787pt
* \textwidth=307.28978pt
* \textheight=455.24411pt
* \oddsidemargin=-15.36449pt
* \evensidemargin=-15.36449pt
* \topmargin=-52.7645pt
* \headheight=17.0pt
* \headsep=20.40001pt
* \topskip=11.0pt
* \footskip=47.60002pt
* \marginparwidth=42.11008pt
* \marginparsep=12.8401pt
* \columnsep=10.0pt
* \skip\footins=10.0pt plus 4.0pt minus 2.0pt
* \hoffset=0.0pt
* \voffset=0.0pt
* \mag=1000
* \@twocolumnfalse
* \@twosidefalse
* \@mparswitchfalse
* \@reversemarginfalse
* (1in=72.27pt=25.4mm, 1cm=28.453pt)

(C:\Users\Akaflieg\AppData\Roaming\MiKTeX\2.9\tex\context\base\supp-pdf.mkii
[Loading MPS to PDF converter (version 2006.09.02).]
\scratchcounter=\count141
\scratchdimen=\dimen143
\scratchbox=\box39
\nofMPsegments=\count142
\nofMParguments=\count143
\everyMPshowfont=\toks29
\MPscratchCnt=\count144
\MPscratchDim=\dimen144
\MPnumerator=\count145
\makeMPintoPDFobject=\count146
\everyMPtoPDFconversion=\toks30
)
\c@lstlisting=\count147
Package caption Info: Begin \AtBeginDocument code.
Package caption Info: subfig package v1.3 is loaded.
Package caption Info: float package is loaded.
Package caption Info: hyperref package is loaded.
Package caption Info: longtable package is loaded.
 (C:\Users\Akaflieg\AppData\Roaming\MiKTeX\2.9\tex\latex\caption\ltcaption.sty
Package: ltcaption 2013/02/03 v1.3-62 longtable captions (AR)
)
Package caption Info: End \AtBeginDocument code.
\AtBeginShipoutBox=\box40
Package hyperref Info: Link coloring OFF on input line 44.
 ("C:\Program Files\MiKTeX 2.9\tex\latex\hyperref\nameref.sty"
Package: nameref 2010/04/30 v2.40 Cross-referencing by name of section

("C:\Program Files\MiKTeX 2.9\tex\generic\oberdiek\gettitlestring.sty"
Package: gettitlestring 2010/12/03 v1.4 Cleanup title references (HO)
)
\c@section@level=\count148
)
LaTeX Info: Redefining \ref on input line 44.
LaTeX Info: Redefining \pageref on input line 44.
LaTeX Info: Redefining \nameref on input line 44.

(Z:\02-Werkstatt\Flugzeuge\B13\Zulassung\Flughandbuch\flughandbuch.out)
(Z:\02-Werkstatt\Flugzeuge\B13\Zulassung\Flughandbuch\flughandbuch.out)
\@outlinefile=\write3
LaTeX Font Info:    Try loading font information for U+msa on input line 57.

("C:\Program Files\MiKTeX 2.9\tex\latex\amsfonts\umsa.fd"
File: umsa.fd 2009/06/22 v3.00 AMS symbols A
)
LaTeX Font Info:    Try loading font information for U+msb on input line 57.

("C:\Program Files\MiKTeX 2.9\tex\latex\amsfonts\umsb.fd"
File: umsb.fd 2009/06/22 v3.00 AMS symbols B
)
<charlotte.png, id=307, 397.485pt x 295.1025pt>
File: charlotte.png Graphic file (type png)
 <use charlotte.png>
Package pdftex.def Info: charlotte.png used on input line 70.
(pdftex.def)             Requested size: 92.18787pt x 68.4395pt.

Underfull \hbox (badness 10000) in paragraph at lines 74--94

 []


Underfull \hbox (badness 10000) in paragraph at lines 74--94

 []


Underfull \hbox (badness 10000) in paragraph at lines 74--94

 []


Underfull \hbox (badness 10000) in paragraph at lines 74--94

 []

LaTeX Font Info:    Try loading font information for T1+cmss on input line 100.

("C:\Program Files\MiKTeX 2.9\tex\latex\base\t1cmss.fd"
File: t1cmss.fd 1999/05/25 v2.5h Standard LaTeX font definitions
) [1

{C:/Users/Akaflieg/AppData/Local/MiKTeX/2.9/pdftex/config/pdftex.map} <Z:/02-We
rkstatt/Flugzeuge/B13/Zulassung/Flughandbuch/charlotte.png>]
(Z:\02-Werkstatt\Flugzeuge\B13\Zulassung\Flughandbuch\flughandbuch.toc [2]
[3])
\tf@toc=\write4
 [4]
(Z:\02-Werkstatt\Flugzeuge\B13\Zulassung\Flughandbuch\berichtigungsstand.tex)
(Z:\02-Werkstatt\Flugzeuge\B13\Zulassung\Flughandbuch\kapitel1.tex [5

]
Kapitel 1.

Class scrbook Warning: \float@addtolists detected!
(scrbook)              You should use the features of package `tocbasic'
(scrbook)              instead of \float@addtolists.
(scrbook)              Support for \float@addtolists may be removed from
(scrbook)              `scrbook' soon .


Underfull \hbox (badness 10000) in paragraph at lines 6--9

 []


Underfull \hbox (badness 10000) in paragraph at lines 11--14

 []

[6

]
Underfull \hbox (badness 10000) in paragraph at lines 16--33

 []


Underfull \hbox (badness 10000) in paragraph at lines 16--33

 []


Underfull \hbox (badness 10000) in paragraph at lines 16--33

 []


Underfull \hbox (badness 10000) in paragraph at lines 16--33

 []


Underfull \hbox (badness 10000) in paragraph at lines 35--38

 []

[7]
Underfull \hbox (badness 10000) in paragraph at lines 39--40

 []


Overfull \hbox (32.15135pt too wide) in alignment at lines 41--62
 [] [] [] 
 []


Overfull \hbox (32.15135pt too wide) in alignment at lines 62--82
 [] [] [] 
 []


Overfull \hbox (32.15135pt too wide) in alignment at lines 82--92
 [] [] [] 
 []

[8] <3seiten.jpg, id=434, 725.71124pt x 598.235pt>
File: 3seiten.jpg Graphic file (type jpg)
 <use 3seiten.jpg>
Package pdftex.def Info: 3seiten.jpg used on input line 95.
(pdftex.def)             Requested size: 307.28978pt x 253.31085pt.
)
(Z:\02-Werkstatt\Flugzeuge\B13\Zulassung\Flughandbuch\kapitel2.tex
Underfull \hbox (badness 10000) in paragraph at lines 95--4

 []

[9] [10 <Z:/02-Werkstatt/Flugzeuge/B13/Zulassung/Flughandbuch/3seiten.jpg>]
Kapitel 2.

Overfull \hbox (1.09778pt too wide) in paragraph at lines 9--10
\T1/cmr/m/n/10.95 Der vor-lie-gen-de Ab-schnitt bein-hal-tet Be-triebs-gren-zen
, In-stru-men-
 []


Underfull \hbox (badness 10000) in paragraph at lines 19--19
\T1/cmr/m/n/10.95 ge-schwin-dig-keit
 []


Underfull \hbox (badness 10000) in paragraph at lines 19--19
\T1/cmr/m/n/10.95 bei ru-hi-gem
 []


Underfull \hbox (badness 10000) in paragraph at lines 19--20
[]|\T1/cmr/m/n/10.95 Diese Ge-schwin-dig-keit
 []


Underfull \hbox (badness 3861) in paragraph at lines 19--20
\T1/cmr/m/n/10.95 wer-den und der Ru-
 []


Underfull \hbox (badness 10000) in paragraph at lines 21--22
[]|\T1/cmr/m/n/10.95 Diese Ge-schwin-dig-keit
 []


Underfull \hbox (badness 6510) in paragraph at lines 21--22
\T1/cmr/m/n/10.95 wer-den. (Star-ke Tur-
 []


Underfull \hbox (badness 10000) in paragraph at lines 21--22
\T1/cmr/m/n/10.95 bu-lenz herrscht vor
 []


Underfull \hbox (badness 10000) in paragraph at lines 21--22
\T1/cmr/m/n/10.95 in Leewellen-Rotoren,
 []


Underfull \hbox (badness 10000) in paragraph at lines 23--24
[]|\T1/cmr/m/n/10.95 Oberhalb die-ser Ge-
 []


Underfull \hbox (badness 10000) in paragraph at lines 23--24
\T1/cmr/m/n/10.95 schwin-dig-keit dür-fen
 []


Underfull \hbox (badness 2050) in paragraph at lines 23--24
\T1/cmr/m/n/10.95 kei-ne vol-len oder ab-
 []


Underfull \hbox (badness 1281) in paragraph at lines 23--24
\T1/cmr/m/n/10.95 aus-ge-führt wer-den, da
 []


Underfull \hbox (badness 10000) in paragraph at lines 23--24
\T1/cmr/m/n/10.95 die Flug-zeugstruk-tur
 []


Underfull \hbox (badness 10000) in paragraph at lines 25--26
\T1/cmr/m/n/10.95 ge-schwin-dig-keit
 []


Underfull \hbox (badness 10000) in paragraph at lines 26--27
[]|\T1/cmr/m/n/10.95 Diese Ge-schwin-dig-keit
 []


Underfull \hbox (badness 4036) in paragraph at lines 26--27
\T1/cmr/m/n/10.95 nen Flü-gel-klap-pen-stel-
 []


Underfull \hbox (badness 10000) in paragraph at lines 30--30
\T1/cmr/m/n/10.95 ge-schwin-dig-keit
 []


Underfull \hbox (badness 10000) in paragraph at lines 30--31
[]|\T1/cmr/m/n/10.95 Diese Ge-schwin-dig-
 []


Underfull \hbox (badness 6526) in paragraph at lines 30--31
\T1/cmr/m/n/10.95 WInden- oder Kraft-
 []


Underfull \hbox (badness 6300) in paragraph at lines 30--31
\T1/cmr/m/n/10.95 fahr-zeug-schlepps nicht
 []


Underfull \hbox (badness 10000) in paragraph at lines 32--32
\T1/cmr/m/n/10.95 ge-schwin-dig-keit
 []


Underfull \hbox (badness 10000) in paragraph at lines 32--33
[]|\T1/cmr/m/n/10.95 Diese Ge-schwin-dig-
 []


Underfull \hbox (badness 1688) in paragraph at lines 32--33
\T1/cmr/m/n/10.95 Flug-zeug-schlepps nicht
 []


Underfull \hbox (badness 10000) in paragraph at lines 34--34
\T1/cmr/m/n/10.95 ge-schwin-dig-keit
 []


Underfull \hbox (badness 10000) in paragraph at lines 34--34
\T1/cmr/m/n/10.95 zum Be-tä-ti-gen
 []


Underfull \hbox (badness 10000) in paragraph at lines 36--36
\T1/cmr/m/n/10.95 ge-schwin-dig-keit
 []


Underfull \hbox (badness 10000) in paragraph at lines 36--36
\T1/cmr/m/n/10.95 Aus-fah-ren des
 []


Underfull \hbox (badness 1048) in paragraph at lines 36--37
[]|\T1/cmr/m/n/10.95 Triebwerk nicht ein-ge-
 []


Underfull \hbox (badness 10000) in paragraph at lines 38--38
[]|\T1/cmr/m/n/10.95 Zulässige Min-
 []


Underfull \hbox (badness 10000) in paragraph at lines 38--38
\T1/cmr/m/n/10.95 dest-ge-schwin-dig-
 []


Underfull \hbox (badness 10000) in paragraph at lines 38--38
\T1/cmr/m/n/10.95 und Aus-fah-ren
 []


Underfull \hbox (badness 1048) in paragraph at lines 38--39
[]|\T1/cmr/m/n/10.95 Triebwerk nicht ein-ge-
 []


Overfull \hbox (23.58104pt too wide) in alignment at lines 15--40
 [] [] [] [] 
 []


Underfull \vbox (badness 10000) detected at line 40
 []

[11

] [12] [13] <fahrtmesserkalibrierung.png, id=459, 602.25pt x 306.39468pt>
File: fahrtmesserkalibrierung.png Graphic file (type png)

<use fahrtmesserkalibrierung.png>
Package pdftex.def Info: fahrtmesserkalibrierung.png used on input line 47.
(pdftex.def)             Requested size: 276.55891pt x 140.70482pt.

Underfull \hbox (badness 10000) in paragraph at lines 43--50

 []


Underfull \hbox (badness 10000) in paragraph at lines 43--50

 []

[14 <Z:/02-Werkstatt/Flugzeuge/B13/Zulassung/Flughandbuch/fahrtmesserkalibrieru
ng.png>]
Overfull \vbox (9.25558pt too high) has occurred while \output is active []


[15]
Underfull \hbox (badness 10000) in paragraph at lines 98--99

 []


Overfull \hbox (3.8258pt too wide) in paragraph at lines 102--102
[]|\T1/cmr/m/n/10.95 Markierung| 
 []


Underfull \hbox (badness 10000) in paragraph at lines 104--104
[]|\T1/cmr/m/n/10.95 Weiÿer
 []


Underfull \hbox (badness 1062) in paragraph at lines 104--105
\T1/cmr/m/n/10.95 pen-aus-schlä-ge (Un-te-re Gren-ze ist
 []


Underfull \hbox (badness 6758) in paragraph at lines 104--105
\T1/cmr/m/n/10.95 die Ge-schwin-dig-keit $\OT1/cmr/m/n/10.95 1\OML/cmm/m/it/10.
95 ; \OT1/cmr/m/n/10.95 1\OML/cmm/m/it/10.95 V[]$ \T1/cmr/m/n/10.95 bei
 []


Underfull \hbox (badness 1616) in paragraph at lines 104--105
\T1/cmr/m/n/10.95 Höchst-mas-se in Lan-de-kon-fi-gu-ra-ti-
 []


Underfull \hbox (badness 10000) in paragraph at lines 106--106
[]|\T1/cmr/m/n/10.95 Grüner
 []


Underfull \hbox (badness 7133) in paragraph at lines 106--107
[]|\T1/cmr/m/n/10.95 Normaler Be-triebs-be-reich (Un-te-
 []


Underfull \hbox (badness 7362) in paragraph at lines 106--107
\T1/cmr/m/n/10.95 obe-re Gren-ze ist die zu-läs-si-ge
 []


Underfull \hbox (badness 6741) in paragraph at lines 106--107
\T1/cmr/m/n/10.95 Höchst-ge-schwin-dig-keit in star-ker
 []


Underfull \hbox (badness 1092) in paragraph at lines 108--109
[]|\T1/cmr/m/n/10.95 In die-sem Be-reich darf bei star-
 []


Underfull \hbox (badness 10000) in paragraph at lines 110--110
[]|\T1/cmr/m/n/10.95 Roter
 []


Underfull \hbox (badness 10000) in paragraph at lines 112--112
[]|\T1/cmr/m/n/10.95 Gelbes
 []

[16] [17] [18]
Underfull \hbox (badness 10000) in paragraph at lines 133--148

 []


Underfull \hbox (badness 10000) in paragraph at lines 133--148

 []


Underfull \hbox (badness 10000) in paragraph at lines 154--154
[]|\T1/cmr/m/n/6 Leermassen-
 []


Underfull \hbox (badness 10000) in paragraph at lines 154--154
\T1/cmr/m/n/6 schwer-punkt
 []


Underfull \hbox (badness 10000) in paragraph at lines 154--154
[]|\T1/cmr/m/n/6 Maximale
 []


Underfull \hbox (badness 10000) in paragraph at lines 154--154
\T1/cmr/m/n/6 Zu-la-dung
 []


Overfull \hbox (1.52583pt too wide) in paragraph at lines 152--180
[]  
 []

[19]
Underfull \hbox (badness 10000) in paragraph at lines 185--190

 []


Underfull \hbox (badness 10000) in paragraph at lines 193--206

 []


Overfull \hbox (1.17825pt too wide) in paragraph at lines 193--206
[] 
 []

[20]
Underfull \hbox (badness 10000) in paragraph at lines 211--215

 []


Underfull \hbox (badness 10000) in paragraph at lines 217--218

 []

LaTeX Font Info:    Try loading font information for OMS+cmr on input line 219.

("C:\Program Files\MiKTeX 2.9\tex\latex\base\omscmr.fd"
File: omscmr.fd 1999/05/25 v2.5h Standard LaTeX font definitions
)
LaTeX Font Info:    Font shape `OMS/cmr/m/n' in size <10.95> not available
(Font)              Font shape `OMS/cmsy/m/n' tried instead on input line 219.
 [21]
Overfull \hbox (9.94963pt too wide) in paragraph at lines 231--236
\T1/cmr/m/n/10.95 Die ma-xi-mal zu-läs-si-ge Schlepp-ge-schwin-dig-keit be-träg
t $\OML/cmm/m/it/10.95 V[] \OT1/cmr/m/n/10.95 = 160[]$\T1/cmr/m/n/10.95 . 
 []


Underfull \hbox (badness 10000) in paragraph at lines 231--236

 []


Overfull \hbox (13.02051pt too wide) in paragraph at lines 237--241
\T1/cmr/m/n/10.95 Die ma-xi-mal zu-läs-si-ge Schlepp-ge-schwin-dig-keit be-träg
t $\OML/cmm/m/it/10.95 V[] \OT1/cmr/m/n/10.95 = 120[]$\T1/cmr/m/n/10.95 ,
 []


Overfull \hbox (6.10619pt too wide) in paragraph at lines 237--241
\T1/cmr/m/n/10.95 Für den Win-den-start wird die Schwer-punkt-kupp-lung an der 
Rump-
 []

[22] <bilder/startcheck.pdf, id=501, 206.19098pt x 244.34438pt>
File: bilder/startcheck.pdf Graphic file (type pdf)

<use bilder/startcheck.pdf>
Package pdftex.def Info: bilder/startcheck.pdf used on input line 246.
(pdftex.def)             Requested size: 138.27945pt x 163.86646pt.
 <bilder/vvz.pdf, id=502, 388.54158pt x 58.99039pt>
File: bilder/vvz.pdf Graphic file (type pdf)

<use bilder/vvz.pdf>
Package pdftex.def Info: bilder/vvz.pdf used on input line 253.
(pdftex.def)             Requested size: 276.55891pt x 41.98877pt.

<bilder/datenschild.pdf, id=503, 194.07507pt x 137.64424pt>
File: bilder/datenschild.pdf Graphic file (type pdf)

<use bilder/datenschild.pdf>
Package pdftex.def Info: bilder/datenschild.pdf used on input line 260.
(pdftex.def)             Requested size: 138.27945pt x 98.07672pt.


LaTeX Warning: `h' float specifier changed to `ht'.

<bilder/notabwurf.pdf, id=504, 53.91643pt x 44.58476pt>
File: bilder/notabwurf.pdf Graphic file (type pdf)

<use bilder/notabwurf.pdf>
Package pdftex.def Info: bilder/notabwurf.pdf used on input line 267.
(pdftex.def)             Requested size: 46.09158pt x 38.11559pt.


LaTeX Warning: `h' float specifier changed to `ht'.

<bilder/bk.pdf, id=505, 207.00276pt x 47.59923pt>
File: bilder/bk.pdf Graphic file (type pdf)
 <use bilder/bk.pdf>
Package pdftex.def Info: bilder/bk.pdf used on input line 274.
(pdftex.def)             Requested size: 138.27945pt x 31.79689pt.


LaTeX Warning: `h' float specifier changed to `ht'.

<bilder/fahrwerk.pdf, id=506, 205.81572pt x 47.69533pt>
File: bilder/fahrwerk.pdf Graphic file (type pdf)

<use bilder/fahrwerk.pdf>
Package pdftex.def Info: bilder/fahrwerk.pdf used on input line 282.
(pdftex.def)             Requested size: 138.27945pt x 32.04446pt.


LaTeX Warning: `h' float specifier changed to `ht'.

<bilder/trimmung.pdf, id=507, 206.33415pt x 51.32434pt>
File: bilder/trimmung.pdf Graphic file (type pdf)

<use bilder/trimmung.pdf>
Package pdftex.def Info: bilder/trimmung.pdf used on input line 289.
(pdftex.def)             Requested size: 138.27945pt x 34.39651pt.


LaTeX Warning: `h' float specifier changed to `ht'.

<bilder/lueftung.pdf, id=508, 68.43236pt x 56.50862pt>
File: bilder/lueftung.pdf Graphic file (type pdf)

<use bilder/lueftung.pdf>
Package pdftex.def Info: bilder/lueftung.pdf used on input line 296.
(pdftex.def)             Requested size: 46.09158pt x 38.06146pt.


LaTeX Warning: `h' float specifier changed to `ht'.

<bilder/kupplung.pdf, id=509, 45.10321pt x 55.99017pt>
File: bilder/kupplung.pdf Graphic file (type pdf)

<use bilder/kupplung.pdf>
Package pdftex.def Info: bilder/kupplung.pdf used on input line 303.
(pdftex.def)             Requested size: 46.09158pt x 57.21855pt.


LaTeX Warning: `h' float specifier changed to `ht'.

<bilder/pedale.pdf, id=510, 51.32434pt x 43.02956pt>
File: bilder/pedale.pdf Graphic file (type pdf)
 <use bilder/pedale.pdf>
Package pdftex.def Info: bilder/pedale.pdf used on input line 310.
(pdftex.def)             Requested size: 46.09158pt x 38.6448pt.


LaTeX Warning: `h' float specifier changed to `ht'.

<bilder/wk.pdf, id=511, 266.9975pt x 50.1875pt>
File: bilder/wk.pdf Graphic file (type pdf)
 <use bilder/wk.pdf>
Package pdftex.def Info: bilder/wk.pdf used on input line 317.
(pdftex.def)             Requested size: 138.27945pt x 25.99348pt.
)
(Z:\02-Werkstatt\Flugzeuge\B13\Zulassung\Flughandbuch\kapitel3.tex [23 <Z:/02-W
erkstatt/Flugzeuge/B13/Zulassung/Flughandbuch/bilder/startcheck.pdf> <Z:/02-Wer
kstatt/Flugzeuge/B13/Zulassung/Flughandbuch/bilder/vvz.pdf>] [24 <Z:/02-Werksta
tt/Flugzeuge/B13/Zulassung/Flughandbuch/bilder/datenschild.pdf> <Z:/02-Werkstat
t/Flugzeuge/B13/Zulassung/Flughandbuch/bilder/notabwurf.pdf> <Z:/02-Werkstatt/F
lugzeuge/B13/Zulassung/Flughandbuch/bilder/bk.pdf> <Z:/02-Werkstatt/Flugzeuge/B
13/Zulassung/Flughandbuch/bilder/fahrwerk.pdf> <Z:/02-Werkstatt/Flugzeuge/B13/Z
ulassung/Flughandbuch/bilder/trimmung.pdf>] [25 <Z:/02-Werkstatt/Flugzeuge/B13/
Zulassung/Flughandbuch/bilder/lueftung.pdf> <Z:/02-Werkstatt/Flugzeuge/B13/Zula
ssung/Flughandbuch/bilder/kupplung.pdf> <Z:/02-Werkstatt/Flugzeuge/B13/Zulassun
g/Flughandbuch/bilder/pedale.pdf> <Z:/02-Werkstatt/Flugzeuge/B13/Zulassung/Flug
handbuch/bilder/wk.pdf>]
Kapitel 3.
\GPT@outputbox=\box41

Underfull \hbox (badness 10000) in paragraph at lines 13--21

 []


Underfull \hbox (badness 10000) in paragraph at lines 13--21

 []


Underfull \hbox (badness 10000) in paragraph at lines 13--21

 []

[26

]
Underfull \hbox (badness 10000) in paragraph at lines 34--39

 []


Underfull \hbox (badness 10000) in paragraph at lines 34--39

 []

[27]
Underfull \hbox (badness 10000) in paragraph at lines 41--44

 []


Underfull \hbox (badness 10000) in paragraph at lines 45--47

 []

[28]
Underfull \hbox (badness 10000) in paragraph at lines 81--85

 []


Overfull \hbox (16.46608pt too wide) in paragraph at lines 81--85
\T1/cmr/m/n/10.95 Nach der Lan-dung soll-te ei-ne gründ-li-che Kon-trol-le der 
Flug-zeugstruk-
 []


Underfull \hbox (badness 10000) in paragraph at lines 87--90

 []

[29]
Overfull \hbox (2.00218pt too wide) in paragraph at lines 94--95
[]\T1/cmr/bx/n/10.95 Das Cock-pit soll-te durch die Not-fens-ter ge-flu-tet wer
-
 []


Overfull \hbox (3.3219pt too wide) in paragraph at lines 101--102
[]\T1/cmr/bx/n/10.95 Flügel zur Aus-weich-rich-tung hin auf den Bo-den steu-
 []

[30] [31]) (Z:\02-Werkstatt\Flugzeuge\B13\Zulassung\Flughandbuch\kapitel4.tex
[32]
Kapitel 4.

Underfull \hbox (badness 10000) in paragraph at lines 10--13

 []

[33

]
Overfull \hbox (1.4932pt too wide) in paragraph at lines 31--32
\T1/cmr/m/n/10.95 da-nach Haupt-bol-zen in vor-ge-se-he-ne Si-che-rung ein-ras-
ten und
 []

[34]
Overfull \hbox (2.40073pt too wide) in paragraph at lines 47--48
[]\T1/cmr/m/n/10.95 Höhenleitwerk auf bei-de An-triebs-bol-zen auf-ste-cken und
 ganz
 []


Overfull \hbox (20.02852pt too wide) in paragraph at lines 58--59
[]\T1/cmr/m/n/10.95 Alle Trenn-stel-len (Innenfläche-Auÿenfläche, Rumpf-Innenfl
äche,
 []


Underfull \hbox (badness 10000) in paragraph at lines 61--64

 []

[35] <b13check.png, id=1011, 6808.43625pt x 3154.78625pt>
File: b13check.png Graphic file (type png)
 <use b13check.png>
Package pdftex.def Info: b13check.png used on input line 70.
(pdftex.def)             Requested size: 307.28978pt x 142.34436pt.

[36 <Z:/02-Werkstatt/Flugzeuge/B13/Zulassung/Flughandbuch/b13check.png>]
Overfull \hbox (0.34555pt too wide) in paragraph at lines 82--83
[]\T1/cmr/m/n/10.95 Bremsklappen auf Funk-ti-on, voll-stän-di-ges Schlie-ÿen de
r Ab-
 []

[37]
File: bilder/startcheck.pdf Graphic file (type pdf)
 <use bilder/startcheck.pdf>
Package pdftex.def Info: bilder/startcheck.pdf used on input line 94.
(pdftex.def)             Requested size: 138.27945pt x 163.86646pt.

Underfull \hbox (badness 10000) in paragraph at lines 98--116

 []


Underfull \hbox (badness 10000) in paragraph at lines 98--116

 []


Underfull \hbox (badness 10000) in paragraph at lines 98--116

 []


Underfull \hbox (badness 10000) in paragraph at lines 98--116

 []

[38]
Overfull \hbox (3.3612pt too wide) in paragraph at lines 117--146
\T1/cmr/m/n/10.95 Bei Über-land-schlepps und hö-he-ren Schlepp-ge-schwin-dig-ke
i-ten kann
 []


Underfull \hbox (badness 10000) in paragraph at lines 117--146

 []


Underfull \hbox (badness 10000) in paragraph at lines 117--146

 []


Underfull \hbox (badness 10000) in paragraph at lines 117--146

 []


Underfull \hbox (badness 10000) in paragraph at lines 117--146

 []


Underfull \hbox (badness 10000) in paragraph at lines 117--146

 []

[39]
Underfull \hbox (badness 10000) in paragraph at lines 148--151

 []


Underfull \hbox (badness 10000) in paragraph at lines 148--151

 []

[40] [41] [42]
Underfull \hbox (badness 10000) in paragraph at lines 167--169

 []

<bilder/landecheck.pdf, id=1058, 204.26932pt x 100.52365pt>
File: bilder/landecheck.pdf Graphic file (type pdf)

<use bilder/landecheck.pdf>
Package pdftex.def Info: bilder/landecheck.pdf used on input line 170.
(pdftex.def)             Requested size: 138.27945pt x 68.04993pt.
)
(Z:\02-Werkstatt\Flugzeuge\B13\Zulassung\Flughandbuch\kapitel5.tex
Overfull \hbox (22.12234pt too wide) in paragraph at lines 174--1
\T1/cmr/m/n/10.95 Die Wir-kung ei-nes Sei-tengleit-flu-ges und der dop-pel-stö-
cki-gen Schempp-
 []


Overfull \hbox (10.00829pt too wide) in paragraph at lines 174--1
\T1/cmr/m/n/10.95 Hirth-Bremsklappen ist ge-ring. (Gleit-zahl bei aus-ge-fah-re
-nen Brems-
 []


Overfull \hbox (0.7968pt too wide) in paragraph at lines 174--1
\T1/cmr/m/n/10.95 auf-ge-setzt wer-den, Sporn-rad-lan-dun-gen sind auch pro-ble
m-los mög-
 []


Underfull \hbox (badness 10000) in paragraph at lines 174--1

 []


Underfull \hbox (badness 10000) in paragraph at lines 174--1

 []


Underfull \hbox (badness 10000) in paragraph at lines 174--1

 []

[43 <Z:/02-Werkstatt/Flugzeuge/B13/Zulassung/Flughandbuch/bilder/landecheck.pdf
>] [44]
Kapitel 5.
[45

] <polare.png, id=1120, 505.89pt x 357.9774pt>
File: polare.png Graphic file (type png)
 <use polare.png>
Package pdftex.def Info: polare.png used on input line 25.
(pdftex.def)             Requested size: 307.28978pt x 217.44823pt.

Overfull \hbox (2.10426pt too wide) in paragraph at lines 23--27
\T1/cmr/m/n/10.95 Elchingen statt. Die Flug-mas-se (Rüstmasse+$\OT1/cmr/m/n/10.
95 180\OML/cmm/m/it/10.95 kg$\T1/cmr/m/n/10.95 ) lag bei $\OT1/cmr/m/n/10.95 76
5\OML/cmm/m/it/10.95 kg$\T1/cmr/m/n/10.95 ,
 []


Underfull \hbox (badness 10000) in paragraph at lines 23--27

 []


Underfull \hbox (badness 10000) in paragraph at lines 23--27

 []

[46 <Z:/02-Werkstatt/Flugzeuge/B13/Zulassung/Flughandbuch/polare.png>]
<gzpolare.png, id=1126, 474.573pt x 297.7524pt>
File: gzpolare.png Graphic file (type png)
 <use gzpolare.png>
Package pdftex.def Info: gzpolare.png used on input line 48.
(pdftex.def)             Requested size: 307.28978pt x 192.80074pt.

Underfull \hbox (badness 10000) in paragraph at lines 48--50

 []

[47 <Z:/02-Werkstatt/Flugzeuge/B13/Zulassung/Flughandbuch/gzpolare.png>]
[48]
Underfull \hbox (badness 10000) in paragraph at lines 76--76
[]|\T1/cmr/m/n/10.95 WK-
 []


Underfull \hbox (badness 10000) in paragraph at lines 80--80
[]|\T1/cmr/m/n/10.95 schnelleres Krei-sen
 []


Underfull \hbox (badness 10000) in paragraph at lines 80--80
\T1/cmr/m/n/10.95 in der Ther-mik,
 []


Underfull \hbox (badness 10000) in paragraph at lines 80--80
\T1/cmr/m/n/10.95 bes-tes Glei-ten,
 []


Underfull \hbox (badness 10000) in paragraph at lines 82--82
[]|\T1/cmr/m/n/10.95 Gleitflug zwi-schen
 []

) (Z:\02-Werkstatt\Flugzeuge\B13\Zulassung\Flughandbuch\kapitel7.tex
Underfull \hbox (badness 10000) in paragraph at lines 72--1

 []


Overfull \hbox (0.61136pt too wide) in paragraph at lines 72--1
[] 
 []


Underfull \hbox (badness 10000) in paragraph at lines 72--1

 []


Underfull \hbox (badness 10000) in paragraph at lines 72--1

 []

[49]
Kapitel 6.

Underfull \hbox (badness 10000) in paragraph at lines 7--13

 []

[50

] <bilder/instrumentenpilz.pdf, id=1145, 700.84142pt x 475.23521pt>
File: bilder/instrumentenpilz.pdf Graphic file (type pdf)

<use bilder/instrumentenpilz.pdf>
Package pdftex.def Info: bilder/instrumentenpilz.pdf used on input line 26.
(pdftex.def)             Requested size: 700.83969pt x 475.23405pt.


LaTeX Warning: Float too large for page by 21.53403pt on input line 28.

[51] [52]) (Z:\02-Werkstatt\Flugzeuge\B13\Zulassung\Flughandbuch\kapitel8.tex
[53] [54 <Z:/02-Werkstatt/Flugzeuge/B13/Zulassung/Flughandbuch/bilder/instrumen
tenpilz.pdf>]
Kapitel 7.

Underfull \hbox (badness 10000) in paragraph at lines 28--31

 []

[55

]
Underfull \hbox (badness 10000) in paragraph at lines 35--48

 []


Underfull \hbox (badness 10000) in paragraph at lines 35--48

 []


Underfull \hbox (badness 10000) in paragraph at lines 35--48

 []


Underfull \hbox (badness 10000) in paragraph at lines 35--48

 []


Underfull \hbox (badness 10000) in paragraph at lines 50--53

 []

[56]
Underfull \hbox (badness 10000) in paragraph at lines 55--60

 []


Underfull \hbox (badness 10000) in paragraph at lines 55--60

 []


Underfull \hbox (badness 10000) in paragraph at lines 62--75

 []


Underfull \hbox (badness 10000) in paragraph at lines 62--75

 []


Underfull \hbox (badness 10000) in paragraph at lines 62--75

 []


Underfull \hbox (badness 10000) in paragraph at lines 62--75

 []


Underfull \hbox (badness 10000) in paragraph at lines 62--75

 []


Underfull \hbox (badness 10000) in paragraph at lines 62--75

 []

[57]) [58]
Package atveryend Info: Empty hook `BeforeClearDocument' on input line 127.
 [59]
Package atveryend Info: Empty hook `AfterLastShipout' on input line 127.

(Z:\02-Werkstatt\Flugzeuge\B13\Zulassung\Flughandbuch\flughandbuch.aux)
Package atveryend Info: Executing hook `AtVeryEndDocument' on input line 127.
Package atveryend Info: Executing hook `AtEndAfterFileList' on input line 127.


Package rerunfilecheck Warning: File `flughandbuch.out' has changed.
(rerunfilecheck)                Rerun to get outlines right
(rerunfilecheck)                or use package `bookmark'.

Package rerunfilecheck Info: Checksums for `flughandbuch.out':
(rerunfilecheck)             Before: 4F27B1ABAEDACDFF2E7FE7469C8830F3;5255
(rerunfilecheck)             After:  E2EF7C6279F5F07EF717962F2DF3023B;5247.
Package atveryend Info: Empty hook `AtVeryVeryEnd' on input line 127.
 ) 
Here is how much of TeX's memory you used:
 12905 strings out of 494045
 192314 string characters out of 3148377
 332084 words of memory out of 3000000
 15777 multiletter control sequences out of 15000+200000
 21334 words of font info for 55 fonts, out of 3000000 for 9000
 715 hyphenation exceptions out of 8191
 50i,11n,54p,604b,461s stack positions out of 5000i,500n,10000p,200000b,50000s
 <C:\Users\Akaflieg\AppData\Local\MiKTeX\2.9\fonts\pk\ljfour\jknappen\ec\dpi6
00\ecrm0600.pk> <C:\Users\Akaflieg\AppData\Local\MiKTeX\2.9\fonts\pk\ljfour\jkn
appen\ec\dpi600\ecrm1200.pk> <C:\Users\Akaflieg\AppData\Local\MiKTeX\2.9\fonts\
pk\ljfour\jknappen\ec\dpi600\ecsx1200.pk> <C:\Users\Akaflieg\AppData\Local\MiKT
eX\2.9\fonts\pk\ljfour\jknappen\ec\dpi600\ecsx1095.pk> <C:\Users\Akaflieg\AppDa
ta\Local\MiKTeX\2.9\fonts\pk\ljfour\jknappen\ec\dpi600\ecsx1440.pk> <C:\Users\A
kaflieg\AppData\Local\MiKTeX\2.9\fonts\pk\ljfour\jknappen\ec\dpi600\ecsl1095.pk
> <C:\Users\Akaflieg\AppData\Local\MiKTeX\2.9\fonts\pk\ljfour\jknappen\ec\dpi60
0\ecrm1095.pk> <C:\Users\Akaflieg\AppData\Local\MiKTeX\2.9\fonts\pk\ljfour\jkna
ppen\ec\dpi600\ecbx2074.pk> <C:\Users\Akaflieg\AppData\Local\MiKTeX\2.9\fonts\p
k\ljfour\jknappen\ec\dpi600\ecbx1095.pk><C:/Program Files/MiKTeX 2.9/fonts/type
1/public/amsfonts/cm/cmmi10.pfb><C:/Program Files/MiKTeX 2.9/fonts/type1/public
/amsfonts/cm/cmmi6.pfb><C:/Program Files/MiKTeX 2.9/fonts/type1/public/amsfonts
/cm/cmmi8.pfb><C:/Program Files/MiKTeX 2.9/fonts/type1/public/amsfonts/cm/cmr10
.pfb><C:/Program Files/MiKTeX 2.9/fonts/type1/public/amsfonts/cm/cmr6.pfb><C:/P
rogram Files/MiKTeX 2.9/fonts/type1/public/amsfonts/cm/cmr8.pfb><C:/Program Fil
es/MiKTeX 2.9/fonts/type1/public/amsfonts/cm/cmsy10.pfb><C:/Program Files/MiKTe
X 2.9/fonts/type1/public/amsfonts/cm/cmsy8.pfb>
Output written on flughandbuch.pdf (59 pages, 6791414 bytes).
PDF statistics:
 1939 PDF objects out of 2073 (max. 8388607)
 181 named destinations out of 1000 (max. 500000)
 704 words of extra memory for PDF output out of 10000 (max. 10000000)

